2019-07-01 05:40:32,871 [Worker-4: Loading available Gradle versions] INFO  o.e.b.c.i.u.g.PublishedGradleVersions - Gradle version information cache is up-to-date. Trying to read.
2019-07-01 05:46:06,342 [Worker-12: Import Getting Started Content] INFO  o.e.m.c.i.l.LifecycleMappingFactory - Using org.eclipse.m2e.jdt.JarLifecycleMapping lifecycle mapping for MavenProject: com.brunolira:workshop-mongodb:0.0.1-SNAPSHOT @ D:\Projetos\JAVASourceSpringToolSuite\workspace-sts-3.9.8.RELEASE\workshop-mongodb\pom.xml.
2019-07-01 05:46:10,680 [Worker-12: Import Getting Started Content] INFO  o.e.m.j.i.AbstractJavaProjectConfigurator - Adding source folder /workshop-mongodb/src/main/java
2019-07-01 05:46:10,681 [Worker-12: Import Getting Started Content] INFO  o.e.m.j.i.AbstractJavaProjectConfigurator - Adding resource folder /workshop-mongodb/src/main/resources
2019-07-01 05:46:10,692 [Worker-12: Import Getting Started Content] INFO  o.e.m.j.i.AbstractJavaProjectConfigurator - Adding resource folder /workshop-mongodb/src/main/resources
2019-07-01 05:46:10,706 [Worker-12: Import Getting Started Content] INFO  o.e.m.j.i.AbstractJavaProjectConfigurator - Adding source folder /workshop-mongodb/src/test/java
2019-07-01 05:46:16,126 [Worker-12: Import Getting Started Content] INFO  o.e.m.c.i.p.ProjectConfigurationManager - Imported and configured 1 project(s) in 14 sec
2019-07-01 05:46:16,127 [Worker-12: Import Getting Started Content] INFO  o.e.m.c.i.p.ProjectConfigurationManager - Update started
2019-07-01 05:46:16,638 [Worker-12: Import Getting Started Content] INFO  o.e.m.c.i.l.LifecycleMappingFactory - Using org.eclipse.m2e.jdt.JarLifecycleMapping lifecycle mapping for MavenProject: com.brunolira:workshop-mongodb:0.0.1-SNAPSHOT @ D:\Projetos\JAVASourceSpringToolSuite\workspace-sts-3.9.8.RELEASE\workshop-mongodb\pom.xml.
2019-07-01 05:46:17,610 [Worker-12: Import Getting Started Content] INFO  o.e.m.j.i.AbstractJavaProjectConfigurator - Adding source folder /workshop-mongodb/src/main/java
2019-07-01 05:46:17,610 [Worker-12: Import Getting Started Content] INFO  o.e.m.j.i.AbstractJavaProjectConfigurator - Adding resource folder /workshop-mongodb/src/main/resources
2019-07-01 05:46:17,611 [Worker-12: Import Getting Started Content] INFO  o.e.m.j.i.AbstractJavaProjectConfigurator - Adding resource folder /workshop-mongodb/src/main/resources
2019-07-01 05:46:17,615 [Worker-12: Import Getting Started Content] INFO  o.e.m.j.i.AbstractJavaProjectConfigurator - Adding source folder /workshop-mongodb/src/test/java
2019-07-01 05:46:18,000 [Worker-12: Import Getting Started Content] INFO  o.e.m.c.i.p.ProjectConfigurationManager - Update completed: 1 sec
2019-07-01 05:46:20,897 [Worker-14: Building workspace] INFO  o.e.m.c.i.embedder.EclipseLogger - Using 'UTF-8' encoding to copy filtered resources.
2019-07-01 05:46:20,900 [Worker-14: Building workspace] INFO  o.e.m.c.i.embedder.EclipseLogger - Copying 1 resource
2019-07-01 05:46:20,916 [Worker-14: Building workspace] INFO  o.e.m.c.i.embedder.EclipseLogger - Copying 0 resource
2019-07-01 05:46:20,920 [Worker-14: Building workspace] INFO  o.e.m.c.i.embedder.EclipseLogger - Using 'UTF-8' encoding to copy filtered resources.
2019-07-01 05:46:20,920 [Worker-14: Building workspace] INFO  o.e.m.c.i.embedder.EclipseLogger - skip non existing resourceDirectory D:\Projetos\JAVASourceSpringToolSuite\workspace-sts-3.9.8.RELEASE\workshop-mongodb\src\test\resources
2019-07-01 05:46:22,225 [Worker-15: Building workspace] INFO  o.e.m.c.i.embedder.EclipseLogger - Using 'UTF-8' encoding to copy filtered resources.
2019-07-01 05:46:22,226 [Worker-15: Building workspace] INFO  o.e.m.c.i.embedder.EclipseLogger - Copying 0 resource
2019-07-01 05:46:22,226 [Worker-15: Building workspace] INFO  o.e.m.c.i.embedder.EclipseLogger - Copying 0 resource
2019-07-01 05:46:22,227 [Worker-15: Building workspace] INFO  o.e.m.c.i.embedder.EclipseLogger - Using 'UTF-8' encoding to copy filtered resources.
2019-07-01 05:46:22,227 [Worker-15: Building workspace] INFO  o.e.m.c.i.embedder.EclipseLogger - skip non existing resourceDirectory D:\Projetos\JAVASourceSpringToolSuite\workspace-sts-3.9.8.RELEASE\workshop-mongodb\src\test\resources
2019-07-01 05:48:16,971 [Worker-16: Building workspace] INFO  o.e.m.c.i.l.LifecycleMappingFactory - Using org.eclipse.m2e.jdt.JarLifecycleMapping lifecycle mapping for MavenProject: com.brunolira:workshop-mongodb:0.0.1-SNAPSHOT @ D:\Projetos\JAVASourceSpringToolSuite\workspace-sts-3.9.8.RELEASE\workshop-mongodb\pom.xml.
2019-07-01 05:48:17,528 [Worker-16: Building workspace] INFO  o.e.m.c.i.embedder.EclipseLogger - Using 'UTF-8' encoding to copy filtered resources.
2019-07-01 05:48:17,530 [Worker-16: Building workspace] INFO  o.e.m.c.i.embedder.EclipseLogger - Copying 0 resource
2019-07-01 05:48:17,530 [Worker-16: Building workspace] INFO  o.e.m.c.i.embedder.EclipseLogger - Copying 0 resource
2019-07-01 05:48:17,531 [Worker-16: Building workspace] INFO  o.e.m.c.i.embedder.EclipseLogger - Using 'UTF-8' encoding to copy filtered resources.
2019-07-01 05:48:17,531 [Worker-16: Building workspace] INFO  o.e.m.c.i.embedder.EclipseLogger - skip non existing resourceDirectory D:\Projetos\JAVASourceSpringToolSuite\workspace-sts-3.9.8.RELEASE\workshop-mongodb\src\test\resources
